<?xml version="1.0" encoding="UTF-8"?>
<!-- Generated by org.testng.reporters.JUnitReportReporter -->
<testsuite hostname="DESKTOP-9P221R1" failures="0" tests="2" name="org.qsp.TestNGdemo.MultipalTestCases" time="70.159" errors="0" timestamp="2020-10-16T22:08:53 IST" skipped="0">
  <testcase classname="org.qsp.TestNGdemo.MultipalTestCases" name="test1" time="21.107"/>
  <system-out/>
  <testcase classname="org.qsp.TestNGdemo.MultipalTestCases" name="test2" time="49.052"/>
  <system-out/>
</testsuite> <!-- org.qsp.TestNGdemo.MultipalTestCases -->
