<?xml version="1.0" encoding="UTF-8"?>
<!-- Generated by org.testng.reporters.JUnitReportReporter -->
<testsuite hostname="DESKTOP-9P221R1" failures="0" tests="8" name="org.qsp.org.qsp.TestNGdemo.groupNdependsOnGroup" time="0.059" errors="0" timestamp="2020-10-18T22:27:52 IST" skipped="0">
  <testcase classname="org.qsp.org.qsp.TestNGdemo.groupNdependsOnGroup" name="Tc_07" time="0.003"/>
  <system-out/>
  <testcase classname="org.qsp.org.qsp.TestNGdemo.groupNdependsOnGroup" name="Tc_03" time="0.005"/>
  <system-out/>
  <testcase classname="org.qsp.org.qsp.TestNGdemo.groupNdependsOnGroup" name="Tc_05" time="0.003"/>
  <system-out/>
  <testcase classname="org.qsp.org.qsp.TestNGdemo.groupNdependsOnGroup" name="Tc_06" time="0.007"/>
  <system-out/>
  <testcase classname="org.qsp.org.qsp.TestNGdemo.groupNdependsOnGroup" name="Tc_04" time="0.007"/>
  <system-out/>
  <testcase classname="org.qsp.org.qsp.TestNGdemo.groupNdependsOnGroup" name="Tc_01" time="0.027"/>
  <system-out/>
  <testcase classname="org.qsp.org.qsp.TestNGdemo.groupNdependsOnGroup" name="Tc_02" time="0.003"/>
  <system-out/>
  <testcase classname="org.qsp.org.qsp.TestNGdemo.groupNdependsOnGroup" name="Tc_08" time="0.004"/>
  <system-out/>
</testsuite> <!-- org.qsp.org.qsp.TestNGdemo.groupNdependsOnGroup -->
