<?xml version="1.0" encoding="UTF-8"?>
<!-- Generated by org.testng.reporters.JUnitReportReporter -->
<testsuite hostname="DESKTOP-9P221R1" failures="0" tests="7" name="org.qsp.TestNGdemo.groupNdependans" time="0.046" errors="0" timestamp="2020-10-19T10:55:54 IST" skipped="0">
  <testcase classname="org.qsp.TestNGdemo.groupNdependans" name="Tc_06" time="0.033"/>
  <system-out/>
  <testcase classname="org.qsp.TestNGdemo.groupNdependans" name="Tc_07" time="0.002"/>
  <system-out/>
  <testcase classname="org.qsp.TestNGdemo.groupNdependans" name="Tc_03" time="0.001"/>
  <system-out/>
  <testcase classname="org.qsp.TestNGdemo.groupNdependans" name="Tc_02" time="0.000"/>
  <system-out/>
  <testcase classname="org.qsp.TestNGdemo.groupNdependans" name="Tc_08" time="0.004"/>
  <system-out/>
  <testcase classname="org.qsp.TestNGdemo.groupNdependans" name="Tc_01" time="0.005"/>
  <system-out/>
  <testcase classname="org.qsp.TestNGdemo.groupNdependans" name="Tc_05" time="0.001"/>
  <system-out/>
</testsuite> <!-- org.qsp.TestNGdemo.groupNdependans -->
