<?xml version="1.0" encoding="UTF-8"?>
<!-- Generated by org.testng.reporters.JUnitReportReporter -->
<testsuite hostname="DESKTOP-9P221R1" failures="0" tests="7" name="org.qsp.TestNGdemo.AllNotationTestNg" time="0.030" errors="0" timestamp="2020-10-18T22:03:20 IST" skipped="0">
  <testcase classname="org.qsp.TestNGdemo.AllNotationTestNg" name="Tc2_sgk" time="0.017"/>
  <system-out/>
  <testcase classname="org.qsp.TestNGdemo.AllNotationTestNg" name="Tc_sgk" time="0.003"/>
  <system-out/>
  <testcase classname="org.qsp.TestNGdemo.AllNotationTestNg" name="Tc_sgk" time="0.003"/>
  <system-out/>
  <testcase classname="org.qsp.TestNGdemo.AllNotationTestNg" name="Tc5_sgk" time="0.002"/>
  <system-out/>
  <testcase classname="org.qsp.TestNGdemo.AllNotationTestNg" name="Tc3_sgk" time="0.001"/>
  <system-out/>
  <testcase classname="org.qsp.TestNGdemo.AllNotationTestNg" name="Tc_sgk" time="0.003"/>
  <system-out/>
  <testcase classname="org.qsp.TestNGdemo.AllNotationTestNg" name="Tc4_sgk" time="0.001"/>
  <system-out/>
</testsuite> <!-- org.qsp.TestNGdemo.AllNotationTestNg -->
