<?xml version="1.0" encoding="UTF-8"?>
<!-- Generated by org.testng.reporters.JUnitReportReporter -->
<testsuite hostname="DESKTOP-9P221R1" failures="0" tests="1" name="org.qsp.TestNGdemo.ReadFromDataProviderActTime" time="0.000" errors="0" timestamp="2020-10-19T20:41:06 IST" skipped="1">
  <testcase classname="org.qsp.TestNGdemo.ReadFromDataProviderActTime" name="m1" time="0.000">
    <skipped/>
  </testcase> <!-- m1 -->
  <system-out/>
</testsuite> <!-- org.qsp.TestNGdemo.ReadFromDataProviderActTime -->
