<?xml version="1.0" encoding="UTF-8"?>
<!-- Generated by org.testng.reporters.JUnitReportReporter -->
<testsuite hostname="DESKTOP-9P221R1" failures="0" tests="1" name="org.qsp.TestNGdemo.ReadFromExcel" time="0.000" errors="0" timestamp="2020-10-19T16:17:39 IST" skipped="1">
  <testcase classname="org.qsp.TestNGdemo.ReadFromExcel" name="rd" time="0.000">
    <skipped/>
  </testcase> <!-- rd -->
  <system-out/>
</testsuite> <!-- org.qsp.TestNGdemo.ReadFromExcel -->
