<?xml version="1.0" encoding="UTF-8"?>
<!-- Generated by org.testng.reporters.JUnitReportReporter -->
<testsuite hostname="DESKTOP-9P221R1" failures="0" tests="2" name="org.qsp.TestNGdemo.DataProviderTestNG" time="0.020" errors="0" timestamp="2020-10-19T12:31:28 IST" skipped="0">
  <testcase classname="org.qsp.TestNGdemo.DataProviderTestNG" name="f" time="0.008"/>
  <system-out/>
  <testcase classname="org.qsp.TestNGdemo.DataProviderTestNG" name="f" time="0.012"/>
  <system-out/>
</testsuite> <!-- org.qsp.TestNGdemo.DataProviderTestNG -->
