<?xml version="1.0" encoding="UTF-8"?>
<!-- Generated by org.testng.reporters.JUnitReportReporter -->
<testsuite hostname="DESKTOP-9P221R1" failures="0" tests="1" name="org.qsp.TestNGdemo.DataProviderFacebook" time="0.000" errors="0" timestamp="2020-10-19T21:29:17 IST" skipped="1">
  <testcase classname="org.qsp.TestNGdemo.DataProviderFacebook" name="FaceBook" time="0.000">
    <skipped/>
  </testcase> <!-- FaceBook -->
  <system-out/>
</testsuite> <!-- org.qsp.TestNGdemo.DataProviderFacebook -->
